S E:\MND\mnd_flutter> flutter run
Launching lib\main.dart on SM M315F in debug mode...
lib/config/app_theme.dart:77:16: Error: The argument type 'CardTheme' can't be assigned to the parameter type 'CardThemeData?'.
 - 'CardTheme' is from 'package:flutter/src/material/card_theme.dart' ('/C:/flutter/flutter/packages/flutter/lib/src/material/card_theme.dart').
 - 'CardThemeData' is from 'package:flutter/src/material/card_theme.dart' ('/C:/flutter/flutter/packages/flutter/lib/src/material/card_theme.dart').
    cardTheme: CardTheme(
               ^
lib/widgets/route_card.dart:29:44: Error: The getter 'headline6' isn't defined for the type 'TextTheme'.
 - 'TextTheme' is from 'package:flutter/src/material/text_theme.dart' ('/C:/flutter/flutter/packages/flutter/lib/src/material/text_theme.dart').
Try correcting the name to the name of an existing getter, or defining a getter or field named 'headline6'.
                    style: theme.textTheme.headline6?.copyWith(fontWeight: FontWeight.bold),
                                           ^^^^^^^^^
lib/widgets/route_card.dart:77:40: Error: The getter 'caption' isn't defined for the type 'TextTheme'.
 - 'TextTheme' is from 'package:flutter/src/material/text_theme.dart' ('/C:/flutter/flutter/packages/flutter/lib/src/material/text_theme.dart').
Try correcting the name to the name of an existing getter, or defining a getter or field named 'caption'.
                style: theme.textTheme.caption,
                                       ^^^^^^^
lib/widgets/route_card.dart:98:46: Error: The getter 'bodyText2' isn't defined for the type 'TextTheme'.
 - 'TextTheme' is from 'package:flutter/src/material/text_theme.dart' ('/C:/flutter/flutter/packages/flutter/lib/src/material/text_theme.dart').
Try correcting the name to the name of an existing getter, or defining a getter or field named 'bodyText2'.
                      style: theme.textTheme.bodyText2,
                                             ^^^^^^^^^
lib/widgets/route_card.dart:104:46: Error: The getter 'caption' isn't defined for the type 'TextTheme'.
 - 'TextTheme' is from 'package:flutter/src/material/text_theme.dart' ('/C:/flutter/flutter/packages/flutter/lib/src/material/text_theme.dart').
Try correcting the name to the name of an existing getter, or defining a getter or field named 'caption'.
                      style: theme.textTheme.caption,
                                             ^^^^^^^
lib/widgets/route_card.dart:119:53: Error: The getter 'caption' isn't defined for the type 'TextTheme'.
 - 'TextTheme' is from 'package:flutter/src/material/text_theme.dart' ('/C:/flutter/flutter/packages/flutter/lib/src/material/text_theme.dart').
Try correcting the name to the name of an existing getter, or defining a getter or field named 'caption'.
        Icon(icon, size: 16, color: theme.textTheme.caption?.color),
                                                    ^^^^^^^
lib/widgets/route_card.dart:121:43: Error: The getter 'bodyText2' isn't defined for the type 'TextTheme'.
 - 'TextTheme' is from 'package:flutter/src/material/text_theme.dart' ('/C:/flutter/flutter/packages/flutter/lib/src/material/text_theme.dart').
Try correcting the name to the name of an existing getter, or defining a getter or field named 'bodyText2'.
        Text(text, style: theme.textTheme.bodyText2),
                                          ^^^^^^^^^
Target kernel_snapshot_program failed: Exception


FAILURE: Build failed with an exception.

* What went wrong:
Execution failed for task ':app:compileFlutterBuildDebug'.
> Process 'command 'C:\flutter\flutter\bin\flutter.bat'' finished with non-zero exit value 1

* Try:
> Run with --stacktrace option to get the stack trace.
> Run with --info or --debug option to get more log output.
> Run with --scan to get full insights.
> Get more help at https://help.gradle.org.

BUILD FAILED in 41s
Running Gradle task 'assembleDebug'...                             42.4s
Error: Gradle task assembleDebug failed with exit code 1